make all --print-data-base --no-builtin-variables --no-builtin-rules --question
# GNU Make 3.81
# Copyright (C) 2006  Free Software Foundation, Inc.
# This is free software; see the source for copying conditions.
# There is NO warranty; not even for MERCHANTABILITY or FITNESS FOR A
# PARTICULAR PURPOSE.

# This program built for i386-apple-darwin11.3.0
 

# Make data base, printed on Sat Dec 11 17:56:43 2021

# Variables

 
# automatic
<D = $(patsubst %/,%,$(dir $<))
# automatic
?F = $(notdir $?)
# makefile (from `Makefile', line 15)
SRC = push_swap.c 
# environment
VSCODE_LOG_NATIVE = false
# automatic
?D = $(patsubst %/,%,$(dir $?))
# automatic
@D = $(patsubst %/,%,$(dir $@))
# automatic
@F = $(notdir $@)
# makefile
CURDIR := /Users/oipadeol/projects/savemoves_push_swap/push_swap_submit
# makefile
SHELL = /bin/sh
# environment
VSCODE_NLS_CONFIG = {"locale":"en-us","availableLanguages":{},"_languagePackSupport":true}
# environment
_ = /usr/bin/make
# makefile (from `Makefile', line 1)
MAKEFILE_LIST :=  Makefile
# environment
VSCODE_VERBOSE_LOGGING = true
# makefile (from `Makefile', line 21)
BONUS = checker
# environment
VSCODE_IPC_HOOK_EXTHOST = /var/folders/zz/zyxvpxvq6csfxvn_n000cbjm0032wd/T/vscode-ipc-06d77ee6-1cce-4d0f-ac57-5ef5bb7fee82.sock
# environment
VSCODE_CWD = /
# environment
PATH = /usr/local/bin:/usr/bin:/bin:/usr/sbin:/sbin:/usr/local/munki
# environment
LaunchInstanceID = AC28A4F6-56A1-4FA5-98EC-1EBC722F85C1
# environment
VSCODE_LOG_STACK = false
# environment
ELECTRON_RUN_AS_NODE = 1
# default
.FEATURES := target-specific order-only second-expansion else-if archives jobserver check-symlink
# environment
SSH_AUTH_SOCK = /private/tmp/com.apple.launchd.Hn0lP5Ev2y/Listeners
# automatic
%F = $(notdir $%)
# environment
VSCODE_PIPE_LOGGING = true
# environment
PWD = /Users/oipadeol/projects/savemoves_push_swap/push_swap_submit
# environment
ORIGINAL_XDG_CURRENT_DESKTOP = undefined
# environment
VSCODE_AMD_ENTRYPOINT = vs/workbench/services/extensions/node/extensionHostProcess
# environment
HOME = /Users/oipadeol
# default
MAKEFILEPATH := /Applications/Xcode.app/Contents/Developer/Makefiles
# environment
VSCODE_CODE_CACHE_PATH = /Users/oipadeol/Library/Application Support/Code/CachedData/379476f0e13988d90fab105c5c19e7abc8b1dea8
# environment
LOGNAME = oipadeol
# environment
APPLICATION_INSIGHTS_NO_DIAGNOSTIC_CHANNEL = true
# environment
VSCODE_HANDLES_UNCAUGHT_ERRORS = true
# automatic
^D = $(patsubst %/,%,$(dir $^))
# environment
XPC_FLAGS = 0x0
# default
MAKE = $(MAKE_COMMAND)
# default
MAKECMDGOALS := all
# environment
SHLVL = 1
# default
MAKE_VERSION := 3.81
# environment
USER = oipadeol
# makefile
.DEFAULT_GOAL := all
# makefile (from `Makefile', line 13)
NAME = push_swap
# automatic
%D = $(patsubst %/,%,$(dir $%))
# default
MAKE_COMMAND := /Applications/Xcode.app/Contents/Developer/usr/bin/make
# default
.VARIABLES := 
# environment
TMPDIR = /var/folders/zz/zyxvpxvq6csfxvn_n000cbjm0032wd/T/
# automatic
*F = $(notdir $*)
# environment
VSCODE_IPC_HOOK = /Users/oipadeol/Library/Application Support/Code/1.59.0-main.sock
# makefile
MAKEFLAGS = Rrqp
# environment
MFLAGS = -Rrqp
# automatic
*D = $(patsubst %/,%,$(dir $*))
# environment
XPC_SERVICE_NAME = com.apple.xpc.launchd.oneshot.0x10000003.Electron
# automatic
+D = $(patsubst %/,%,$(dir $+))
# automatic
+F = $(notdir $+)
# makefile (from `Makefile', line 25)
SUB_DIR_M = big_sort/*.c stack_movers/*.c input_handling/*.c LIS/*.c small_sort/*.c utils/*.c 
# makefile (from `Makefile', line 23)
B_SRC = checker_src/*.c
# makefile (from `Makefile', line 19)
SUB_DIR = libft
# environment
__CF_USER_TEXT_ENCODING = 0x18B8D:0x0:0x0
# environment
COMMAND_MODE = unix2003
# default
MAKEFILES := 
# environment
VSCODE_BROWSER_CODE_LOADING = bypassHeatCheck
# automatic
<F = $(notdir $<)
# environment
LC_ALL = C
# environment
SECURITYSESSIONID = 186a7
# automatic
^F = $(notdir $^)
# default
SUFFIXES := 
# makefile (from `Makefile', line 17)
FLAGS = -Wall -Werror -Wextra
# default
.INCLUDE_DIRS = /usr/local/include
# environment
MAKELEVEL := 0
# environment
LANG = C
# environment
VSCODE_PID = 78506
# variable set hash-table stats:
# Load=71/1024=7%, Rehash=0, Collisions=1/103=1%

# Pattern-specific Variable Values

# No pattern-specific variable values.

# Directories

# small_sort (device 16777225, inode 2331967): 3 files, no impossibilities.
# utils (device 16777225, inode 2331971): 4 files, no impossibilities.
# . (device 16777225, inode 2329341): 19 files, no impossibilities.
# stack_movers (device 16777225, inode 2331981): 5 files, no impossibilities.
# LIS (device 16777225, inode 2331975): 3 files, no impossibilities.
# big_sort (device 16777225, inode 2331988): 4 files, no impossibilities.
# checker_src (device 16777225, inode 2341705): 3 files, no impossibilities.
# input_handling (device 16777225, inode 2332000): 3 files, no impossibilities.

# 44 files, no impossibilities in 8 directories.

# Implicit Rules

# No implicit rules.

# Files

# Not a target:
push_swap.c:
#  Implicit rule search has been done.
#  Last modified 2021-12-11 17:32:38
#  File has been updated.
#  Successfully updated.
# variable set hash-table stats:
# Load=0/32=0%, Rehash=0, Collisions=0/0=0%

all: push_swap
#  Command-line target.
#  Implicit rule search has been done.
#  File does not exist.
#  File has been updated.
#  Successfully updated.
# variable set hash-table stats:
# Load=0/32=0%, Rehash=0, Collisions=0/0=0%

# Not a target:
big_sort/utils_stack_move_2.c:
#  Implicit rule search has been done.
#  Last modified 2021-12-11 16:07:39
#  File has been updated.
#  Successfully updated.
# variable set hash-table stats:
# Load=0/32=0%, Rehash=0, Collisions=0/0=0%

# Not a target:
stack_movers/basic_operations.c:
#  Implicit rule search has been done.
#  Last modified 2021-12-10 15:30:12
#  File has been updated.
#  Successfully updated.
# variable set hash-table stats:
# Load=0/32=0%, Rehash=0, Collisions=0/0=0%

# Not a target:
big_sort/cost_algo.c:
#  Implicit rule search has been done.
#  Last modified 2021-12-10 16:31:34
#  File has been updated.
#  Successfully updated.
# variable set hash-table stats:
# Load=0/32=0%, Rehash=0, Collisions=0/0=0%

# Not a target:
.SUFFIXES:
#  Implicit rule search has not been done.
#  Modification time never checked.
#  File has not been updated.

# Not a target:
Makefile:
#  Implicit rule search has been done.
#  Last modified 2021-12-11 17:55:09
#  File has been updated.
#  Successfully updated.
# variable set hash-table stats:
# Load=0/32=0%, Rehash=0, Collisions=0/0=0%

# Not a target:
stack_movers/utils_stack_move.c:
#  Implicit rule search has been done.
#  Last modified 2021-12-11 17:31:32
#  File has been updated.
#  Successfully updated.
# variable set hash-table stats:
# Load=0/32=0%, Rehash=0, Collisions=0/0=0%

# Not a target:
utils/small_utils.c:
#  Implicit rule search has been done.
#  Last modified 2021-12-10 15:36:41
#  File has been updated.
#  Successfully updated.
# variable set hash-table stats:
# Load=0/32=0%, Rehash=0, Collisions=0/0=0%

# Not a target:
stack_movers/move_decide.c:
#  Implicit rule search has been done.
#  Last modified 2021-12-10 15:36:55
#  File has been updated.
#  Successfully updated.
# variable set hash-table stats:
# Load=0/32=0%, Rehash=0, Collisions=0/0=0%

bonus: checker
#  Implicit rule search has not been done.
#  Modification time never checked.
#  File has not been updated.

fclean:
#  Implicit rule search has not been done.
#  Modification time never checked.
#  File has not been updated.
#  commands to execute (from `Makefile', line 50):
	@rm -f $(NAME)
	@rm -f $(BONUS)
	@cd $(SUB_DIR) && $(MAKE) -s fclean
	

# Not a target:
LIS/find_lis.c:
#  Implicit rule search has been done.
#  Last modified 2021-12-10 15:36:08
#  File has been updated.
#  Successfully updated.
# variable set hash-table stats:
# Load=0/32=0%, Rehash=0, Collisions=0/0=0%

# Not a target:
.DEFAULT:
#  Implicit rule search has not been done.
#  Modification time never checked.
#  File has not been updated.

checker: checker_src/checker.c big_sort/cost_algo.c big_sort/utils_stack_move_2.c stack_movers/basic_operations.c stack_movers/move_decide.c stack_movers/utils_stack_move.c input_handling/input_handling.c LIS/find_lis.c small_sort/small_below_10.c utils/free_utils.c utils/small_utils.c
#  Implicit rule search has not been done.
#  Modification time never checked.
#  File has not been updated.
#  commands to execute (from `Makefile', line 38):
	@gcc -o checker $(FLAGS) $(B_SRC) $(SUB_DIR)/$(SUB_DIR).a\
	$(SUB_DIR_M)
	@echo "checker program created"
	

 
re: fclean all
#  Implicit rule search has not been done.
#  Modification time never checked.
#  File has not been updated.

# Not a target:
input_handling/input_handling.c:
#  Implicit rule search has been done.
#  Last modified 2021-12-10 16:30:36
#  File has been updated.
#  Successfully updated.
# variable set hash-table stats:
# Load=0/32=0%, Rehash=0, Collisions=0/0=0%

clean:
#  Implicit rule search has not been done.
#  Modification time never checked.
#  File has not been updated.
#  commands to execute (from `Makefile', line 43):
	@rm -f $(NAME)
	@rm -f $(BONUS)
	

push_swap: push_swap.c big_sort/cost_algo.c big_sort/utils_stack_move_2.c stack_movers/basic_operations.c stack_movers/move_decide.c stack_movers/utils_stack_move.c input_handling/input_handling.c LIS/find_lis.c small_sort/small_below_10.c utils/free_utils.c utils/small_utils.c
#  Implicit rule search has not been done.
#  Last modified 2021-12-11 17:49:53
#  File has been updated.
#  Successfully updated.
# variable set hash-table stats:
# Load=0/32=0%, Rehash=0, Collisions=0/0=0%
#  commands to execute (from `Makefile', line 31):
	@cd $(SUB_DIR) && $(MAKE) -s
	@gcc -o $(NAME) $(FLAGS) $(SRC) $(SUB_DIR)/$(SUB_DIR).a $(SUB_DIR_M)
	@echo "push_swap compiled!"
	

# Not a target:
small_sort/small_below_10.c:
#  Implicit rule search has been done.
#  Last modified 2021-12-11 17:46:47
#  File has been updated.
#  Successfully updated.
# variable set hash-table stats:
# Load=0/32=0%, Rehash=0, Collisions=0/0=0%

clean_libft:
#  Implicit rule search has not been done.
#  Modification time never checked.
#  File has not been updated.
#  commands to execute (from `Makefile', line 47):
	@cd $(SUB_DIR) && $(MAKE) -s clean
	

# Not a target:
utils/free_utils.c:
#  Implicit rule search has been done.
#  Last modified 2021-12-11 16:10:56
#  File has been updated.
#  Successfully updated.
# variable set hash-table stats:
# Load=0/32=0%, Rehash=0, Collisions=0/0=0%

# Not a target:
checker_src/checker.c:
#  Implicit rule search has not been done.
#  Modification time never checked.
#  File has not been updated.

# files hash-table stats:
# Load=23/1024=2%, Rehash=0, Collisions=3/62=5%
# VPATH Search Paths

# No `vpath' search paths.

# No general (`VPATH' variable) search path.

# # of strings in strcache: 1
# # of strcache buffers: 1
# strcache size: total = 4096 / max = 4096 / min = 4096 / avg = 4096
# strcache free: total = 4087 / max = 4087 / min = 4087 / avg = 4087

# Finished Make data base on Sat Dec 11 17:56:43 2021

 
